{"contracts/Address.sol":{"l":{"15":0,"23":0,"24":0},"path":"/home/abhi_21094/Projects/GuildCryptAudit/crypt/contracts/Address.sol","s":{"1":0},"b":{},"f":{"1":0},"fnMap":{"1":{"name":"isContract","line":14,"loc":{"start":{"line":14,"column":4},"end":{"line":14,"column":67}}}},"statementMap":{"1":{"start":{"line":24,"column":8},"end":{"line":24,"column":23}}},"branchMap":{}},"contracts/DAITOKEN.sol":{"l":{"12":1,"13":0,"15":1,"16":1,"17":1,"25":0,"27":0,"34":7,"35":7,"42":13,"43":13,"44":13,"86":0,"95":3,"96":3,"99":3,"100":3,"102":3,"111":17,"135":2,"136":2,"137":2,"139":2,"140":2,"141":2,"143":2,"158":2,"159":2,"161":2,"171":0,"185":0,"187":0,"201":0,"202":0,"203":0,"205":0,"208":0,"230":1,"237":4,"238":4,"246":0,"248":0,"261":3,"265":2,"269":2,"273":0,"277":0,"284":4,"285":4,"286":4,"287":4,"289":4,"301":1,"302":1},"path":"/home/abhi_21094/Projects/GuildCryptAudit/crypt/contracts/DAITOKEN.sol","s":{"1":1,"2":0,"3":1,"4":1,"5":1,"6":0,"7":0,"8":7,"9":7,"10":13,"11":13,"12":13,"13":0,"14":3,"15":3,"16":3,"17":3,"18":3,"19":3,"20":17,"21":2,"22":2,"23":2,"24":2,"25":2,"26":2,"27":2,"28":2,"29":2,"30":2,"31":2,"32":2,"33":0,"34":0,"35":0,"36":0,"37":0,"38":0,"39":0,"40":0,"41":0,"42":0,"43":1,"44":4,"45":0,"46":0,"47":0,"48":3,"49":2,"50":2,"51":0,"52":0,"53":4,"54":4,"55":4,"56":4,"57":4,"58":4,"59":1,"60":1},"b":{"1":[0,1],"2":[1,0],"3":[7,0],"4":[13,0],"5":[3,0],"6":[3,0],"7":[2,0],"8":[2,0],"9":[2,0],"10":[2,0],"11":[0,0],"12":[4,0],"13":[0,0],"14":[4,0],"15":[1,0]},"f":{"1":1,"2":0,"3":7,"4":13,"5":0,"6":3,"7":17,"8":2,"9":2,"10":0,"11":0,"12":0,"13":1,"14":4,"15":0,"16":3,"17":2,"18":2,"19":0,"20":0,"21":4,"22":1},"fnMap":{"1":{"name":"mul","line":11,"loc":{"start":{"line":11,"column":2},"end":{"line":11,"column":68}}},"2":{"name":"div","line":23,"loc":{"start":{"line":23,"column":2},"end":{"line":23,"column":68}}},"3":{"name":"sub","line":33,"loc":{"start":{"line":33,"column":2},"end":{"line":33,"column":68}}},"4":{"name":"add","line":41,"loc":{"start":{"line":41,"column":2},"end":{"line":41,"column":68}}},"5":{"name":"totalSupply","line":85,"loc":{"start":{"line":85,"column":2},"end":{"line":85,"column":54}}},"6":{"name":"transfer","line":94,"loc":{"start":{"line":94,"column":2},"end":{"line":94,"column":70}}},"7":{"name":"balanceOf","line":110,"loc":{"start":{"line":110,"column":2},"end":{"line":110,"column":74}}},"8":{"name":"transferFrom","line":134,"loc":{"start":{"line":134,"column":2},"end":{"line":134,"column":89}}},"9":{"name":"approve","line":156,"loc":{"start":{"line":156,"column":2},"end":{"line":156,"column":74}}},"10":{"name":"allowance","line":170,"loc":{"start":{"line":170,"column":2},"end":{"line":170,"column":84}}},"11":{"name":"increaseApproval","line":184,"loc":{"start":{"line":184,"column":2},"end":{"line":184,"column":85}}},"12":{"name":"decreaseApproval","line":200,"loc":{"start":{"line":200,"column":2},"end":{"line":200,"column":90}}},"13":{"name":"Ownable","line":229,"loc":{"start":{"line":229,"column":0},"end":{"line":229,"column":27}}},"14":{"name":"onlyOwner","line":236,"loc":{"start":{"line":236,"column":2},"end":{"line":236,"column":22}}},"15":{"name":"transferOwnership","line":245,"loc":{"start":{"line":245,"column":2},"end":{"line":245,"column":63}}},"16":{"name":"transfer","line":260,"loc":{"start":{"line":260,"column":2},"end":{"line":260,"column":70}}},"17":{"name":"transferFrom","line":264,"loc":{"start":{"line":264,"column":2},"end":{"line":264,"column":89}}},"18":{"name":"approve","line":268,"loc":{"start":{"line":268,"column":2},"end":{"line":268,"column":74}}},"19":{"name":"increaseApproval","line":272,"loc":{"start":{"line":272,"column":2},"end":{"line":272,"column":93}}},"20":{"name":"decreaseApproval","line":276,"loc":{"start":{"line":276,"column":2},"end":{"line":276,"column":98}}},"21":{"name":"releaseTokens","line":282,"loc":{"start":{"line":282,"column":2},"end":{"line":283,"column":3}}},"22":{"name":"DAITOKEN","line":299,"loc":{"start":{"line":299,"column":2},"end":{"line":300,"column":3}}}},"statementMap":{"1":{"start":{"line":12,"column":4},"end":{"line":12,"column":278}},"2":{"start":{"line":13,"column":6},"end":{"line":13,"column":14}},"3":{"start":{"line":15,"column":4},"end":{"line":15,"column":20}},"4":{"start":{"line":16,"column":4},"end":{"line":16,"column":21}},"5":{"start":{"line":17,"column":4},"end":{"line":17,"column":12}},"6":{"start":{"line":25,"column":4},"end":{"line":25,"column":20}},"7":{"start":{"line":27,"column":4},"end":{"line":27,"column":12}},"8":{"start":{"line":34,"column":4},"end":{"line":34,"column":17}},"9":{"start":{"line":35,"column":4},"end":{"line":35,"column":16}},"10":{"start":{"line":42,"column":4},"end":{"line":42,"column":20}},"11":{"start":{"line":43,"column":4},"end":{"line":43,"column":17}},"12":{"start":{"line":44,"column":4},"end":{"line":44,"column":12}},"13":{"start":{"line":86,"column":4},"end":{"line":86,"column":23}},"14":{"start":{"line":95,"column":4},"end":{"line":95,"column":29}},"15":{"start":{"line":96,"column":4},"end":{"line":96,"column":42}},"16":{"start":{"line":99,"column":4},"end":{"line":99,"column":58}},"17":{"start":{"line":100,"column":4},"end":{"line":100,"column":44}},"18":{"start":{"line":101,"column":9},"end":{"line":101,"column":41}},"19":{"start":{"line":102,"column":4},"end":{"line":102,"column":15}},"20":{"start":{"line":111,"column":4},"end":{"line":111,"column":27}},"21":{"start":{"line":135,"column":4},"end":{"line":135,"column":29}},"22":{"start":{"line":136,"column":4},"end":{"line":136,"column":37}},"23":{"start":{"line":137,"column":4},"end":{"line":137,"column":48}},"24":{"start":{"line":139,"column":4},"end":{"line":139,"column":48}},"25":{"start":{"line":140,"column":4},"end":{"line":140,"column":44}},"26":{"start":{"line":141,"column":4},"end":{"line":141,"column":70}},"27":{"start":{"line":142,"column":9},"end":{"line":142,"column":36}},"28":{"start":{"line":143,"column":4},"end":{"line":143,"column":15}},"29":{"start":{"line":158,"column":4},"end":{"line":158,"column":34}},"30":{"start":{"line":159,"column":4},"end":{"line":159,"column":41}},"31":{"start":{"line":160,"column":9},"end":{"line":160,"column":46}},"32":{"start":{"line":161,"column":4},"end":{"line":161,"column":15}},"33":{"start":{"line":171,"column":4},"end":{"line":171,"column":36}},"34":{"start":{"line":185,"column":4},"end":{"line":185,"column":81}},"35":{"start":{"line":186,"column":9},"end":{"line":186,"column":69}},"36":{"start":{"line":187,"column":4},"end":{"line":187,"column":15}},"37":{"start":{"line":201,"column":4},"end":{"line":201,"column":48}},"38":{"start":{"line":202,"column":4},"end":{"line":202,"column":6963}},"39":{"start":{"line":203,"column":6},"end":{"line":203,"column":38}},"40":{"start":{"line":205,"column":6},"end":{"line":205,"column":67}},"41":{"start":{"line":207,"column":9},"end":{"line":207,"column":69}},"42":{"start":{"line":208,"column":4},"end":{"line":208,"column":15}},"43":{"start":{"line":230,"column":4},"end":{"line":230,"column":21}},"44":{"start":{"line":237,"column":4},"end":{"line":237,"column":31}},"45":{"start":{"line":246,"column":4},"end":{"line":246,"column":34}},"46":{"start":{"line":247,"column":9},"end":{"line":247,"column":45}},"47":{"start":{"line":248,"column":4},"end":{"line":248,"column":19}},"48":{"start":{"line":261,"column":4},"end":{"line":261,"column":38}},"49":{"start":{"line":265,"column":4},"end":{"line":265,"column":49}},"50":{"start":{"line":269,"column":4},"end":{"line":269,"column":42}},"51":{"start":{"line":273,"column":4},"end":{"line":273,"column":56}},"52":{"start":{"line":277,"column":4},"end":{"line":277,"column":61}},"53":{"start":{"line":284,"column":4},"end":{"line":284,"column":37}},"54":{"start":{"line":285,"column":4},"end":{"line":285,"column":62}},"55":{"start":{"line":286,"column":4},"end":{"line":286,"column":42}},"56":{"start":{"line":287,"column":4},"end":{"line":287,"column":39}},"57":{"start":{"line":288,"column":9},"end":{"line":288,"column":53}},"58":{"start":{"line":289,"column":4},"end":{"line":289,"column":15}},"59":{"start":{"line":301,"column":4},"end":{"line":301,"column":35}},"60":{"start":{"line":302,"column":4},"end":{"line":302,"column":20}}},"branchMap":{"1":{"line":12,"type":"if","locations":[{"start":{"line":12,"column":4},"end":{"line":12,"column":4}},{"start":{"line":12,"column":4},"end":{"line":12,"column":4}}]},"2":{"line":16,"type":"if","locations":[{"start":{"line":16,"column":4},"end":{"line":16,"column":4}},{"start":{"line":16,"column":4},"end":{"line":16,"column":4}}]},"3":{"line":34,"type":"if","locations":[{"start":{"line":34,"column":4},"end":{"line":34,"column":4}},{"start":{"line":34,"column":4},"end":{"line":34,"column":4}}]},"4":{"line":43,"type":"if","locations":[{"start":{"line":43,"column":4},"end":{"line":43,"column":4}},{"start":{"line":43,"column":4},"end":{"line":43,"column":4}}]},"5":{"line":95,"type":"if","locations":[{"start":{"line":95,"column":4},"end":{"line":95,"column":4}},{"start":{"line":95,"column":4},"end":{"line":95,"column":4}}]},"6":{"line":96,"type":"if","locations":[{"start":{"line":96,"column":4},"end":{"line":96,"column":4}},{"start":{"line":96,"column":4},"end":{"line":96,"column":4}}]},"7":{"line":135,"type":"if","locations":[{"start":{"line":135,"column":4},"end":{"line":135,"column":4}},{"start":{"line":135,"column":4},"end":{"line":135,"column":4}}]},"8":{"line":136,"type":"if","locations":[{"start":{"line":136,"column":4},"end":{"line":136,"column":4}},{"start":{"line":136,"column":4},"end":{"line":136,"column":4}}]},"9":{"line":137,"type":"if","locations":[{"start":{"line":137,"column":4},"end":{"line":137,"column":4}},{"start":{"line":137,"column":4},"end":{"line":137,"column":4}}]},"10":{"line":158,"type":"if","locations":[{"start":{"line":158,"column":4},"end":{"line":158,"column":4}},{"start":{"line":158,"column":4},"end":{"line":158,"column":4}}]},"11":{"line":202,"type":"if","locations":[{"start":{"line":202,"column":4},"end":{"line":202,"column":4}},{"start":{"line":202,"column":4},"end":{"line":202,"column":4}}]},"12":{"line":237,"type":"if","locations":[{"start":{"line":237,"column":4},"end":{"line":237,"column":4}},{"start":{"line":237,"column":4},"end":{"line":237,"column":4}}]},"13":{"line":246,"type":"if","locations":[{"start":{"line":246,"column":4},"end":{"line":246,"column":4}},{"start":{"line":246,"column":4},"end":{"line":246,"column":4}}]},"14":{"line":287,"type":"if","locations":[{"start":{"line":287,"column":4},"end":{"line":287,"column":4}},{"start":{"line":287,"column":4},"end":{"line":287,"column":4}}]},"15":{"line":301,"type":"if","locations":[{"start":{"line":301,"column":4},"end":{"line":301,"column":4}},{"start":{"line":301,"column":4},"end":{"line":301,"column":4}}]}}},"contracts/ERC165.sol":{"l":{"27":1,"34":0,"41":3,"42":3},"path":"/home/abhi_21094/Projects/GuildCryptAudit/crypt/contracts/ERC165.sol","s":{"1":1,"2":0,"3":3,"4":3},"b":{"1":[3,0]},"f":{"1":1,"2":0,"3":3},"fnMap":{"1":{"name":"ERC165","line":26,"loc":{"start":{"line":26,"column":4},"end":{"line":26,"column":28}}},"2":{"name":"supportsInterface","line":33,"loc":{"start":{"line":33,"column":4},"end":{"line":33,"column":77}}},"3":{"name":"_registerInterface","line":40,"loc":{"start":{"line":40,"column":4},"end":{"line":40,"column":58}}}},"statementMap":{"1":{"start":{"line":27,"column":8},"end":{"line":27,"column":46}},"2":{"start":{"line":34,"column":8},"end":{"line":34,"column":48}},"3":{"start":{"line":41,"column":8},"end":{"line":41,"column":41}},"4":{"start":{"line":42,"column":8},"end":{"line":42,"column":47}}},"branchMap":{"1":{"line":41,"type":"if","locations":[{"start":{"line":41,"column":8},"end":{"line":41,"column":8}},{"start":{"line":41,"column":8},"end":{"line":41,"column":8}}]}}},"contracts/ERC20.sol":{"l":{"30":3,"39":4,"49":5,"58":1,"59":1,"72":1,"74":1,"76":1,"88":0,"89":0,"91":0,"105":2,"107":2,"109":1,"123":1,"125":1,"127":1,"137":1,"139":1,"140":1,"152":2,"154":2,"155":2,"166":2,"168":2,"169":2,"182":0,"183":0},"path":"/home/abhi_21094/Projects/GuildCryptAudit/crypt/contracts/ERC20.sol","s":{"1":3,"2":4,"3":5,"4":1,"5":1,"6":1,"7":1,"8":1,"9":1,"10":0,"11":0,"12":0,"13":0,"14":2,"15":2,"16":1,"17":1,"18":1,"19":1,"20":1,"21":1,"22":1,"23":1,"24":1,"25":1,"26":2,"27":2,"28":2,"29":2,"30":2,"31":2,"32":2,"33":2,"34":0,"35":0,"36":0},"b":{"1":[1,0],"2":[2,0],"3":[1,0],"4":[1,0],"5":[2,0],"6":[2,0]},"f":{"1":3,"2":4,"3":5,"4":1,"5":1,"6":0,"7":2,"8":1,"9":1,"10":2,"11":2,"12":0},"fnMap":{"1":{"name":"totalSupply","line":29,"loc":{"start":{"line":29,"column":4},"end":{"line":29,"column":54}}},"2":{"name":"balanceOf","line":38,"loc":{"start":{"line":38,"column":4},"end":{"line":38,"column":65}}},"3":{"name":"allowance","line":48,"loc":{"start":{"line":48,"column":4},"end":{"line":48,"column":82}}},"4":{"name":"transfer","line":57,"loc":{"start":{"line":57,"column":4},"end":{"line":57,"column":68}}},"5":{"name":"approve","line":71,"loc":{"start":{"line":71,"column":4},"end":{"line":71,"column":72}}},"6":{"name":"transferFrom","line":87,"loc":{"start":{"line":87,"column":4},"end":{"line":87,"column":86}}},"7":{"name":"increaseAllowance","line":104,"loc":{"start":{"line":104,"column":4},"end":{"line":104,"column":87}}},"8":{"name":"decreaseAllowance","line":122,"loc":{"start":{"line":122,"column":4},"end":{"line":122,"column":92}}},"9":{"name":"_transfer","line":136,"loc":{"start":{"line":136,"column":4},"end":{"line":136,"column":70}}},"10":{"name":"_mint","line":151,"loc":{"start":{"line":151,"column":4},"end":{"line":151,"column":57}}},"11":{"name":"_burn","line":165,"loc":{"start":{"line":165,"column":4},"end":{"line":165,"column":57}}},"12":{"name":"_burnFrom","line":181,"loc":{"start":{"line":181,"column":4},"end":{"line":181,"column":61}}}},"statementMap":{"1":{"start":{"line":30,"column":8},"end":{"line":30,"column":27}},"2":{"start":{"line":39,"column":8},"end":{"line":39,"column":31}},"3":{"start":{"line":49,"column":8},"end":{"line":49,"column":39}},"4":{"start":{"line":58,"column":8},"end":{"line":58,"column":39}},"5":{"start":{"line":59,"column":8},"end":{"line":59,"column":19}},"6":{"start":{"line":72,"column":8},"end":{"line":72,"column":37}},"7":{"start":{"line":74,"column":8},"end":{"line":74,"column":44}},"8":{"start":{"line":75,"column":13},"end":{"line":75,"column":48}},"9":{"start":{"line":76,"column":8},"end":{"line":76,"column":19}},"10":{"start":{"line":88,"column":8},"end":{"line":88,"column":73}},"11":{"start":{"line":89,"column":8},"end":{"line":89,"column":33}},"12":{"start":{"line":90,"column":13},"end":{"line":90,"column":66}},"13":{"start":{"line":91,"column":8},"end":{"line":91,"column":19}},"14":{"start":{"line":105,"column":8},"end":{"line":105,"column":37}},"15":{"start":{"line":107,"column":8},"end":{"line":107,"column":84}},"16":{"start":{"line":108,"column":13},"end":{"line":108,"column":72}},"17":{"start":{"line":109,"column":8},"end":{"line":109,"column":19}},"18":{"start":{"line":123,"column":8},"end":{"line":123,"column":37}},"19":{"start":{"line":125,"column":8},"end":{"line":125,"column":89}},"20":{"start":{"line":126,"column":13},"end":{"line":126,"column":72}},"21":{"start":{"line":127,"column":8},"end":{"line":127,"column":19}},"22":{"start":{"line":137,"column":8},"end":{"line":137,"column":32}},"23":{"start":{"line":139,"column":8},"end":{"line":139,"column":51}},"24":{"start":{"line":140,"column":8},"end":{"line":140,"column":47}},"25":{"start":{"line":141,"column":13},"end":{"line":141,"column":37}},"26":{"start":{"line":152,"column":8},"end":{"line":152,"column":37}},"27":{"start":{"line":154,"column":8},"end":{"line":154,"column":45}},"28":{"start":{"line":155,"column":8},"end":{"line":155,"column":57}},"29":{"start":{"line":156,"column":13},"end":{"line":156,"column":48}},"30":{"start":{"line":166,"column":8},"end":{"line":166,"column":37}},"31":{"start":{"line":168,"column":8},"end":{"line":168,"column":45}},"32":{"start":{"line":169,"column":8},"end":{"line":169,"column":57}},"33":{"start":{"line":170,"column":13},"end":{"line":170,"column":48}},"34":{"start":{"line":182,"column":8},"end":{"line":182,"column":79}},"35":{"start":{"line":183,"column":8},"end":{"line":183,"column":28}},"36":{"start":{"line":184,"column":13},"end":{"line":184,"column":72}}},"branchMap":{"1":{"line":72,"type":"if","locations":[{"start":{"line":72,"column":8},"end":{"line":72,"column":8}},{"start":{"line":72,"column":8},"end":{"line":72,"column":8}}]},"2":{"line":105,"type":"if","locations":[{"start":{"line":105,"column":8},"end":{"line":105,"column":8}},{"start":{"line":105,"column":8},"end":{"line":105,"column":8}}]},"3":{"line":123,"type":"if","locations":[{"start":{"line":123,"column":8},"end":{"line":123,"column":8}},{"start":{"line":123,"column":8},"end":{"line":123,"column":8}}]},"4":{"line":137,"type":"if","locations":[{"start":{"line":137,"column":8},"end":{"line":137,"column":8}},{"start":{"line":137,"column":8},"end":{"line":137,"column":8}}]},"5":{"line":152,"type":"if","locations":[{"start":{"line":152,"column":8},"end":{"line":152,"column":8}},{"start":{"line":152,"column":8},"end":{"line":152,"column":8}}]},"6":{"line":166,"type":"if","locations":[{"start":{"line":166,"column":8},"end":{"line":166,"column":8}},{"start":{"line":166,"column":8},"end":{"line":166,"column":8}}]}}},"contracts/ERC721.sol":{"l":{"49":1,"58":8,"59":8,"68":11,"69":11,"70":9,"82":3,"83":2,"84":2,"86":2,"97":4,"98":4,"108":1,"109":1,"120":2,"132":2,"134":2,"151":0,"167":0,"169":0,"178":13,"179":13,"190":2,"194":2,"204":3,"205":3,"207":3,"208":3,"221":2,"223":1,"225":1,"226":1,"237":0,"248":2,"249":2,"251":2,"253":2,"254":2,"256":2,"271":0,"272":0,"275":0,"276":0,"284":3,"285":2},"path":"/home/abhi_21094/Projects/GuildCryptAudit/crypt/contracts/ERC721.sol","s":{"1":1,"2":8,"3":8,"4":11,"5":11,"6":9,"7":3,"8":2,"9":2,"10":2,"11":2,"12":4,"13":4,"14":1,"15":1,"16":1,"17":2,"18":2,"19":2,"20":0,"21":0,"22":0,"23":13,"24":13,"25":2,"26":2,"27":3,"28":3,"29":3,"30":3,"31":3,"32":2,"33":1,"34":1,"35":1,"36":1,"37":0,"38":2,"39":2,"40":2,"41":2,"42":2,"43":2,"44":2,"45":0,"46":0,"47":0,"48":0,"49":3,"50":2},"b":{"1":[8,0],"2":[9,2],"3":[2,0],"4":[2,0],"5":[4,0],"6":[1,0],"7":[2,0],"8":[0,0],"9":[3,0],"10":[3,0],"11":[1,1],"12":[2,0],"13":[2,0],"14":[0,0],"15":[2,1]},"f":{"1":1,"2":8,"3":11,"4":3,"5":4,"6":1,"7":2,"8":2,"9":0,"10":0,"11":13,"12":2,"13":3,"14":2,"15":0,"16":2,"17":0,"18":3},"fnMap":{"1":{"name":"ERC721","line":47,"loc":{"start":{"line":47,"column":4},"end":{"line":47,"column":26}}},"2":{"name":"balanceOf","line":57,"loc":{"start":{"line":57,"column":4},"end":{"line":57,"column":65}}},"3":{"name":"ownerOf","line":67,"loc":{"start":{"line":67,"column":4},"end":{"line":67,"column":65}}},"4":{"name":"approve","line":81,"loc":{"start":{"line":81,"column":4},"end":{"line":81,"column":54}}},"5":{"name":"getApproved","line":96,"loc":{"start":{"line":96,"column":4},"end":{"line":96,"column":69}}},"6":{"name":"setApprovalForAll","line":107,"loc":{"start":{"line":107,"column":4},"end":{"line":107,"column":62}}},"7":{"name":"isApprovedForAll","line":119,"loc":{"start":{"line":119,"column":4},"end":{"line":119,"column":87}}},"8":{"name":"transferFrom","line":131,"loc":{"start":{"line":131,"column":4},"end":{"line":131,"column":73}}},"9":{"name":"safeTransferFrom","line":149,"loc":{"start":{"line":149,"column":4},"end":{"line":149,"column":77}}},"10":{"name":"safeTransferFrom","line":166,"loc":{"start":{"line":166,"column":4},"end":{"line":166,"column":90}}},"11":{"name":"_exists","line":177,"loc":{"start":{"line":177,"column":4},"end":{"line":177,"column":64}}},"12":{"name":"_isApprovedOrOwner","line":189,"loc":{"start":{"line":189,"column":4},"end":{"line":189,"column":92}}},"13":{"name":"_mint","line":203,"loc":{"start":{"line":203,"column":4},"end":{"line":203,"column":54}}},"14":{"name":"_burn","line":220,"loc":{"start":{"line":220,"column":4},"end":{"line":220,"column":57}}},"15":{"name":"_burn","line":236,"loc":{"start":{"line":236,"column":4},"end":{"line":236,"column":42}}},"16":{"name":"_transferFrom","line":247,"loc":{"start":{"line":247,"column":4},"end":{"line":247,"column":76}}},"17":{"name":"_checkOnERC721Received","line":270,"loc":{"start":{"line":270,"column":4},"end":{"line":270,"column":113}}},"18":{"name":"_clearApproval","line":283,"loc":{"start":{"line":283,"column":4},"end":{"line":283,"column":50}}}},"statementMap":{"1":{"start":{"line":49,"column":8},"end":{"line":49,"column":46}},"2":{"start":{"line":58,"column":8},"end":{"line":58,"column":35}},"3":{"start":{"line":59,"column":8},"end":{"line":59,"column":39}},"4":{"start":{"line":68,"column":8},"end":{"line":68,"column":43}},"5":{"start":{"line":69,"column":8},"end":{"line":69,"column":35}},"6":{"start":{"line":70,"column":8},"end":{"line":70,"column":20}},"7":{"start":{"line":82,"column":8},"end":{"line":82,"column":39}},"8":{"start":{"line":83,"column":8},"end":{"line":83,"column":27}},"9":{"start":{"line":84,"column":8},"end":{"line":84,"column":74}},"10":{"start":{"line":86,"column":8},"end":{"line":86,"column":36}},"11":{"start":{"line":87,"column":13},"end":{"line":87,"column":40}},"12":{"start":{"line":97,"column":8},"end":{"line":97,"column":32}},"13":{"start":{"line":98,"column":8},"end":{"line":98,"column":39}},"14":{"start":{"line":108,"column":8},"end":{"line":108,"column":32}},"15":{"start":{"line":109,"column":8},"end":{"line":109,"column":52}},"16":{"start":{"line":110,"column":13},"end":{"line":110,"column":52}},"17":{"start":{"line":120,"column":8},"end":{"line":120,"column":50}},"18":{"start":{"line":132,"column":8},"end":{"line":132,"column":55}},"19":{"start":{"line":134,"column":8},"end":{"line":134,"column":39}},"20":{"start":{"line":151,"column":8},"end":{"line":151,"column":46}},"21":{"start":{"line":167,"column":8},"end":{"line":167,"column":38}},"22":{"start":{"line":169,"column":8},"end":{"line":169,"column":64}},"23":{"start":{"line":178,"column":8},"end":{"line":178,"column":43}},"24":{"start":{"line":179,"column":8},"end":{"line":179,"column":34}},"25":{"start":{"line":190,"column":8},"end":{"line":190,"column":39}},"26":{"start":{"line":194,"column":8},"end":{"line":194,"column":104}},"27":{"start":{"line":204,"column":8},"end":{"line":204,"column":32}},"28":{"start":{"line":205,"column":8},"end":{"line":205,"column":33}},"29":{"start":{"line":207,"column":8},"end":{"line":207,"column":32}},"30":{"start":{"line":208,"column":8},"end":{"line":208,"column":59}},"31":{"start":{"line":210,"column":13},"end":{"line":210,"column":45}},"32":{"start":{"line":221,"column":8},"end":{"line":221,"column":41}},"33":{"start":{"line":223,"column":8},"end":{"line":223,"column":30}},"34":{"start":{"line":225,"column":8},"end":{"line":225,"column":65}},"35":{"start":{"line":226,"column":8},"end":{"line":226,"column":40}},"36":{"start":{"line":228,"column":13},"end":{"line":228,"column":48}},"37":{"start":{"line":237,"column":8},"end":{"line":237,"column":39}},"38":{"start":{"line":248,"column":8},"end":{"line":248,"column":40}},"39":{"start":{"line":249,"column":8},"end":{"line":249,"column":32}},"40":{"start":{"line":251,"column":8},"end":{"line":251,"column":30}},"41":{"start":{"line":253,"column":8},"end":{"line":253,"column":63}},"42":{"start":{"line":254,"column":8},"end":{"line":254,"column":59}},"43":{"start":{"line":256,"column":8},"end":{"line":256,"column":32}},"44":{"start":{"line":258,"column":13},"end":{"line":258,"column":39}},"45":{"start":{"line":271,"column":8},"end":{"line":271,"column":11101}},"46":{"start":{"line":272,"column":12},"end":{"line":272,"column":23}},"47":{"start":{"line":275,"column":8},"end":{"line":275,"column":93}},"48":{"start":{"line":276,"column":8},"end":{"line":276,"column":43}},"49":{"start":{"line":284,"column":8},"end":{"line":284,"column":11527}},"50":{"start":{"line":285,"column":12},"end":{"line":285,"column":48}}},"branchMap":{"1":{"line":58,"type":"if","locations":[{"start":{"line":58,"column":8},"end":{"line":58,"column":8}},{"start":{"line":58,"column":8},"end":{"line":58,"column":8}}]},"2":{"line":69,"type":"if","locations":[{"start":{"line":69,"column":8},"end":{"line":69,"column":8}},{"start":{"line":69,"column":8},"end":{"line":69,"column":8}}]},"3":{"line":83,"type":"if","locations":[{"start":{"line":83,"column":8},"end":{"line":83,"column":8}},{"start":{"line":83,"column":8},"end":{"line":83,"column":8}}]},"4":{"line":84,"type":"if","locations":[{"start":{"line":84,"column":8},"end":{"line":84,"column":8}},{"start":{"line":84,"column":8},"end":{"line":84,"column":8}}]},"5":{"line":97,"type":"if","locations":[{"start":{"line":97,"column":8},"end":{"line":97,"column":8}},{"start":{"line":97,"column":8},"end":{"line":97,"column":8}}]},"6":{"line":108,"type":"if","locations":[{"start":{"line":108,"column":8},"end":{"line":108,"column":8}},{"start":{"line":108,"column":8},"end":{"line":108,"column":8}}]},"7":{"line":132,"type":"if","locations":[{"start":{"line":132,"column":8},"end":{"line":132,"column":8}},{"start":{"line":132,"column":8},"end":{"line":132,"column":8}}]},"8":{"line":169,"type":"if","locations":[{"start":{"line":169,"column":8},"end":{"line":169,"column":8}},{"start":{"line":169,"column":8},"end":{"line":169,"column":8}}]},"9":{"line":204,"type":"if","locations":[{"start":{"line":204,"column":8},"end":{"line":204,"column":8}},{"start":{"line":204,"column":8},"end":{"line":204,"column":8}}]},"10":{"line":205,"type":"if","locations":[{"start":{"line":205,"column":8},"end":{"line":205,"column":8}},{"start":{"line":205,"column":8},"end":{"line":205,"column":8}}]},"11":{"line":221,"type":"if","locations":[{"start":{"line":221,"column":8},"end":{"line":221,"column":8}},{"start":{"line":221,"column":8},"end":{"line":221,"column":8}}]},"12":{"line":248,"type":"if","locations":[{"start":{"line":248,"column":8},"end":{"line":248,"column":8}},{"start":{"line":248,"column":8},"end":{"line":248,"column":8}}]},"13":{"line":249,"type":"if","locations":[{"start":{"line":249,"column":8},"end":{"line":249,"column":8}},{"start":{"line":249,"column":8},"end":{"line":249,"column":8}}]},"14":{"line":271,"type":"if","locations":[{"start":{"line":271,"column":8},"end":{"line":271,"column":8}},{"start":{"line":271,"column":8},"end":{"line":271,"column":8}}]},"15":{"line":284,"type":"if","locations":[{"start":{"line":284,"column":8},"end":{"line":284,"column":8}},{"start":{"line":284,"column":8},"end":{"line":284,"column":8}}]}}},"contracts/ERC721Metadata.sol":{"l":{"29":1,"30":1,"33":1,"41":0,"49":0,"58":2,"59":2,"69":4,"70":4,"81":2,"84":1,"85":1},"path":"/home/abhi_21094/Projects/GuildCryptAudit/crypt/contracts/ERC721Metadata.sol","s":{"1":1,"2":1,"3":1,"4":0,"5":0,"6":2,"7":2,"8":4,"9":4,"10":1},"b":{"1":[2,0],"2":[4,0],"3":[1,0]},"f":{"1":1,"2":0,"3":0,"4":2,"5":4,"6":2},"fnMap":{"1":{"name":"ERC721Metadata","line":28,"loc":{"start":{"line":28,"column":2},"end":{"line":28,"column":61}}},"2":{"name":"name","line":40,"loc":{"start":{"line":40,"column":4},"end":{"line":40,"column":48}}},"3":{"name":"symbol","line":48,"loc":{"start":{"line":48,"column":4},"end":{"line":48,"column":50}}},"4":{"name":"tokenURI","line":57,"loc":{"start":{"line":57,"column":4},"end":{"line":57,"column":67}}},"5":{"name":"_setTokenURI","line":68,"loc":{"start":{"line":68,"column":4},"end":{"line":68,"column":61}}},"6":{"name":"_burn","line":80,"loc":{"start":{"line":80,"column":4},"end":{"line":80,"column":57}}}},"statementMap":{"1":{"start":{"line":29,"column":8},"end":{"line":29,"column":19}},"2":{"start":{"line":30,"column":8},"end":{"line":30,"column":23}},"3":{"start":{"line":33,"column":8},"end":{"line":33,"column":53}},"4":{"start":{"line":41,"column":8},"end":{"line":41,"column":20}},"5":{"start":{"line":49,"column":8},"end":{"line":49,"column":22}},"6":{"start":{"line":58,"column":8},"end":{"line":58,"column":32}},"7":{"start":{"line":59,"column":8},"end":{"line":59,"column":34}},"8":{"start":{"line":69,"column":8},"end":{"line":69,"column":32}},"9":{"start":{"line":70,"column":8},"end":{"line":70,"column":32}},"10":{"start":{"line":84,"column":8},"end":{"line":84,"column":2416}}},"branchMap":{"1":{"line":58,"type":"if","locations":[{"start":{"line":58,"column":8},"end":{"line":58,"column":8}},{"start":{"line":58,"column":8},"end":{"line":58,"column":8}}]},"2":{"line":69,"type":"if","locations":[{"start":{"line":69,"column":8},"end":{"line":69,"column":8}},{"start":{"line":69,"column":8},"end":{"line":69,"column":8}}]},"3":{"line":84,"type":"if","locations":[{"start":{"line":84,"column":8},"end":{"line":84,"column":8}},{"start":{"line":84,"column":8},"end":{"line":84,"column":8}}]}}},"contracts/IERC165.sol":{"l":{},"path":"/home/abhi_21094/Projects/GuildCryptAudit/crypt/contracts/IERC165.sol","s":{},"b":{},"f":{},"fnMap":{},"statementMap":{},"branchMap":{}},"contracts/IERC20.sol":{"l":{},"path":"/home/abhi_21094/Projects/GuildCryptAudit/crypt/contracts/IERC20.sol","s":{},"b":{},"f":{},"fnMap":{},"statementMap":{},"branchMap":{}},"contracts/IERC721.sol":{"l":{},"path":"/home/abhi_21094/Projects/GuildCryptAudit/crypt/contracts/IERC721.sol","s":{},"b":{},"f":{},"fnMap":{},"statementMap":{},"branchMap":{}},"contracts/IERC721Metadata.sol":{"l":{},"path":"/home/abhi_21094/Projects/GuildCryptAudit/crypt/contracts/IERC721Metadata.sol","s":{},"b":{},"f":{},"fnMap":{},"statementMap":{},"branchMap":{}},"contracts/IERC721Receiver.sol":{"l":{},"path":"/home/abhi_21094/Projects/GuildCryptAudit/crypt/contracts/IERC721Receiver.sol","s":{},"b":{},"f":{},"fnMap":{},"statementMap":{},"branchMap":{}},"contracts/OathForge.sol":{"l":{"36":5,"41":1,"47":3,"53":5,"59":1,"65":1,"74":3,"75":3,"76":3,"77":3,"78":3,"84":2,"85":2,"93":2,"94":1,"95":1,"96":1,"105":2,"106":0,"108":2,"115":1},"path":"/home/abhi_21094/Projects/GuildCryptAudit/crypt/contracts/OathForge.sol","s":{"1":5,"2":1,"3":3,"4":5,"5":1,"6":1,"7":3,"8":3,"9":3,"10":3,"11":3,"12":2,"13":2,"14":2,"15":2,"16":1,"17":1,"18":1,"19":1,"20":2,"21":0,"22":1},"b":{"1":[2,0],"2":[0,2],"3":[0,0]},"f":{"1":1,"2":5,"3":1,"4":3,"5":5,"6":1,"7":1,"8":3,"9":2,"10":2,"11":2,"12":1},"fnMap":{"1":{"name":"OathForge","line":23,"loc":{"start":{"line":23,"column":2},"end":{"line":23,"column":84}}},"2":{"name":"totalSupply","line":35,"loc":{"start":{"line":35,"column":2},"end":{"line":35,"column":54}}},"3":{"name":"nextTokenId","line":40,"loc":{"start":{"line":40,"column":2},"end":{"line":40,"column":54}}},"4":{"name":"sunsetInitiatedAt","line":46,"loc":{"start":{"line":46,"column":2},"end":{"line":46,"column":75}}},"5":{"name":"sunsetLength","line":52,"loc":{"start":{"line":52,"column":2},"end":{"line":52,"column":70}}},"6":{"name":"redemptionCodeHash","line":58,"loc":{"start":{"line":58,"column":2},"end":{"line":58,"column":76}}},"7":{"name":"redemptionCodeHashSubmittedAt","line":64,"loc":{"start":{"line":64,"column":2},"end":{"line":64,"column":87}}},"8":{"name":"mint","line":73,"loc":{"start":{"line":73,"column":2},"end":{"line":73,"column":85}}},"9":{"name":"initiateSunset","line":83,"loc":{"start":{"line":83,"column":2},"end":{"line":83,"column":61}}},"10":{"name":"submitRedemptionCodeHash","line":92,"loc":{"start":{"line":92,"column":2},"end":{"line":92,"column":91}}},"11":{"name":"transferFrom","line":104,"loc":{"start":{"line":104,"column":2},"end":{"line":104,"column":73}}},"12":{"name":"setTokenURI","line":114,"loc":{"start":{"line":114,"column":2},"end":{"line":114,"column":75}}}},"statementMap":{"1":{"start":{"line":36,"column":4},"end":{"line":36,"column":23}},"2":{"start":{"line":41,"column":4},"end":{"line":41,"column":23}},"3":{"start":{"line":47,"column":4},"end":{"line":47,"column":38}},"4":{"start":{"line":53,"column":4},"end":{"line":53,"column":33}},"5":{"start":{"line":59,"column":4},"end":{"line":59,"column":39}},"6":{"start":{"line":65,"column":4},"end":{"line":65,"column":50}},"7":{"start":{"line":74,"column":4},"end":{"line":74,"column":26}},"8":{"start":{"line":75,"column":4},"end":{"line":75,"column":47}},"9":{"start":{"line":76,"column":4},"end":{"line":76,"column":39}},"10":{"start":{"line":77,"column":4},"end":{"line":77,"column":37}},"11":{"start":{"line":78,"column":4},"end":{"line":78,"column":37}},"12":{"start":{"line":84,"column":4},"end":{"line":84,"column":44}},"13":{"start":{"line":85,"column":4},"end":{"line":85,"column":36}},"14":{"start":{"line":86,"column":9},"end":{"line":86,"column":32}},"15":{"start":{"line":93,"column":4},"end":{"line":93,"column":29}},"16":{"start":{"line":94,"column":4},"end":{"line":94,"column":48}},"17":{"start":{"line":95,"column":4},"end":{"line":95,"column":54}},"18":{"start":{"line":96,"column":4},"end":{"line":96,"column":37}},"19":{"start":{"line":97,"column":9},"end":{"line":97,"column":66}},"20":{"start":{"line":105,"column":4},"end":{"line":105,"column":4378}},"21":{"start":{"line":106,"column":6},"end":{"line":106,"column":76}},"22":{"start":{"line":115,"column":4},"end":{"line":115,"column":34}}},"branchMap":{"1":{"line":84,"type":"if","locations":[{"start":{"line":84,"column":4},"end":{"line":84,"column":4}},{"start":{"line":84,"column":4},"end":{"line":84,"column":4}}]},"2":{"line":105,"type":"if","locations":[{"start":{"line":105,"column":4},"end":{"line":105,"column":4}},{"start":{"line":105,"column":4},"end":{"line":105,"column":4}}]},"3":{"line":106,"type":"if","locations":[{"start":{"line":106,"column":6},"end":{"line":106,"column":6}},{"start":{"line":106,"column":6},"end":{"line":106,"column":6}}]}}},"contracts/Ownable.sol":{"l":{"18":1,"26":3,"33":12,"34":8,"41":12,"52":1,"60":1,"68":1,"70":1},"path":"/home/abhi_21094/Projects/GuildCryptAudit/crypt/contracts/Ownable.sol","s":{"1":1,"2":1,"3":3,"4":12,"5":12,"6":1,"7":1,"8":1,"9":1,"10":1,"11":1},"b":{"1":[8,4],"2":[1,0]},"f":{"1":1,"2":3,"3":12,"4":12,"5":1,"6":1,"7":1},"fnMap":{"1":{"name":"Ownable","line":17,"loc":{"start":{"line":17,"column":4},"end":{"line":17,"column":29}}},"2":{"name":"owner","line":25,"loc":{"start":{"line":25,"column":4},"end":{"line":25,"column":48}}},"3":{"name":"onlyOwner","line":32,"loc":{"start":{"line":32,"column":4},"end":{"line":32,"column":22}}},"4":{"name":"isOwner","line":40,"loc":{"start":{"line":40,"column":4},"end":{"line":40,"column":47}}},"5":{"name":"renounceOwnership","line":50,"loc":{"start":{"line":50,"column":4},"end":{"line":50,"column":47}}},"6":{"name":"transferOwnership","line":59,"loc":{"start":{"line":59,"column":4},"end":{"line":59,"column":63}}},"7":{"name":"_transferOwnership","line":67,"loc":{"start":{"line":67,"column":4},"end":{"line":67,"column":56}}}},"statementMap":{"1":{"start":{"line":18,"column":8},"end":{"line":18,"column":26}},"2":{"start":{"line":19,"column":13},"end":{"line":19,"column":52}},"3":{"start":{"line":26,"column":8},"end":{"line":26,"column":21}},"4":{"start":{"line":33,"column":8},"end":{"line":33,"column":25}},"5":{"start":{"line":41,"column":8},"end":{"line":41,"column":35}},"6":{"start":{"line":51,"column":13},"end":{"line":51,"column":52}},"7":{"start":{"line":52,"column":8},"end":{"line":52,"column":26}},"8":{"start":{"line":60,"column":8},"end":{"line":60,"column":35}},"9":{"start":{"line":68,"column":8},"end":{"line":68,"column":38}},"10":{"start":{"line":69,"column":13},"end":{"line":69,"column":50}},"11":{"start":{"line":70,"column":8},"end":{"line":70,"column":24}}},"branchMap":{"1":{"line":33,"type":"if","locations":[{"start":{"line":33,"column":8},"end":{"line":33,"column":8}},{"start":{"line":33,"column":8},"end":{"line":33,"column":8}}]},"2":{"line":68,"type":"if","locations":[{"start":{"line":68,"column":8},"end":{"line":68,"column":8}},{"start":{"line":68,"column":8},"end":{"line":68,"column":8}}]}}},"contracts/RiftPact.sol":{"l":{"41":2,"42":2,"44":2,"45":2,"47":2,"70":1,"75":1,"80":1,"85":1,"90":1,"95":1,"100":5,"105":2,"110":1,"115":1,"116":1,"121":1,"127":3,"128":3,"129":3,"131":2,"132":1,"134":2,"136":2,"137":2,"138":2,"140":2,"141":2,"143":2,"144":0,"147":2,"158":2,"159":1,"162":1,"167":2,"168":2,"169":2,"171":2,"172":2},"path":"/home/abhi_21094/Projects/GuildCryptAudit/crypt/contracts/RiftPact.sol","s":{"1":2,"2":2,"3":2,"4":2,"5":2,"6":1,"7":1,"8":1,"9":1,"10":1,"11":1,"12":5,"13":2,"14":1,"15":1,"16":1,"17":1,"18":1,"19":3,"20":3,"21":3,"22":2,"23":2,"24":1,"25":2,"26":2,"27":2,"28":2,"29":2,"30":2,"31":2,"32":0,"33":2,"34":2,"35":1,"36":1,"37":1,"38":2,"39":2,"40":2,"41":2,"42":2,"43":2},"b":{"1":[1,0],"2":[1,0],"3":[3,0],"4":[3,0],"5":[2,1],"6":[1,1],"7":[1,0],"8":[2,0],"9":[0,2],"10":[1,1],"11":[1,0],"12":[2,0],"13":[2,0],"14":[2,0]},"f":{"1":2,"2":1,"3":1,"4":1,"5":1,"6":1,"7":1,"8":5,"9":2,"10":1,"11":1,"12":3,"13":2,"14":2},"fnMap":{"1":{"name":"RiftPact","line":35,"loc":{"start":{"line":35,"column":2},"end":{"line":40,"column":12}}},"2":{"name":"daiAddress","line":69,"loc":{"start":{"line":69,"column":2},"end":{"line":69,"column":54}}},"3":{"name":"oathForgeAddress","line":74,"loc":{"start":{"line":74,"column":2},"end":{"line":74,"column":60}}},"4":{"name":"oathForgeTokenId","line":79,"loc":{"start":{"line":79,"column":2},"end":{"line":79,"column":60}}},"5":{"name":"auctionAllowedAt","line":84,"loc":{"start":{"line":84,"column":2},"end":{"line":84,"column":60}}},"6":{"name":"minBid","line":89,"loc":{"start":{"line":89,"column":2},"end":{"line":89,"column":50}}},"7":{"name":"auctionStartedAt","line":94,"loc":{"start":{"line":94,"column":2},"end":{"line":94,"column":60}}},"8":{"name":"auctionCompletedAt","line":99,"loc":{"start":{"line":99,"column":2},"end":{"line":99,"column":62}}},"9":{"name":"topBid","line":104,"loc":{"start":{"line":104,"column":2},"end":{"line":104,"column":50}}},"10":{"name":"topBidder","line":109,"loc":{"start":{"line":109,"column":2},"end":{"line":109,"column":53}}},"11":{"name":"startAuction","line":114,"loc":{"start":{"line":114,"column":2},"end":{"line":114,"column":34}}},"12":{"name":"submitBid","line":126,"loc":{"start":{"line":126,"column":2},"end":{"line":126,"column":42}}},"13":{"name":"completeAuction","line":157,"loc":{"start":{"line":157,"column":2},"end":{"line":157,"column":37}}},"14":{"name":"payout","line":166,"loc":{"start":{"line":166,"column":2},"end":{"line":166,"column":28}}}},"statementMap":{"1":{"start":{"line":41,"column":4},"end":{"line":41,"column":41}},"2":{"start":{"line":42,"column":4},"end":{"line":42,"column":41}},"3":{"start":{"line":44,"column":4},"end":{"line":44,"column":29}},"4":{"start":{"line":45,"column":4},"end":{"line":45,"column":41}},"5":{"start":{"line":47,"column":4},"end":{"line":47,"column":27}},"6":{"start":{"line":70,"column":4},"end":{"line":70,"column":22}},"7":{"start":{"line":75,"column":4},"end":{"line":75,"column":28}},"8":{"start":{"line":80,"column":4},"end":{"line":80,"column":28}},"9":{"start":{"line":85,"column":4},"end":{"line":85,"column":28}},"10":{"start":{"line":90,"column":4},"end":{"line":90,"column":18}},"11":{"start":{"line":95,"column":4},"end":{"line":95,"column":28}},"12":{"start":{"line":100,"column":4},"end":{"line":100,"column":30}},"13":{"start":{"line":105,"column":4},"end":{"line":105,"column":18}},"14":{"start":{"line":110,"column":4},"end":{"line":110,"column":21}},"15":{"start":{"line":115,"column":4},"end":{"line":115,"column":34}},"16":{"start":{"line":116,"column":4},"end":{"line":116,"column":4104}},"17":{"start":{"line":120,"column":9},"end":{"line":120,"column":24}},"18":{"start":{"line":121,"column":4},"end":{"line":121,"column":26}},"19":{"start":{"line":127,"column":4},"end":{"line":127,"column":33}},"20":{"start":{"line":128,"column":4},"end":{"line":128,"column":36}},"21":{"start":{"line":129,"column":4},"end":{"line":129,"column":27}},"22":{"start":{"line":130,"column":9},"end":{"line":130,"column":28}},"23":{"start":{"line":131,"column":4},"end":{"line":131,"column":4625}},"24":{"start":{"line":132,"column":6},"end":{"line":132,"column":78}},"25":{"start":{"line":134,"column":4},"end":{"line":134,"column":91}},"26":{"start":{"line":136,"column":4},"end":{"line":136,"column":16}},"27":{"start":{"line":137,"column":4},"end":{"line":137,"column":26}},"28":{"start":{"line":138,"column":4},"end":{"line":138,"column":27}},"29":{"start":{"line":140,"column":4},"end":{"line":140,"column":66}},"30":{"start":{"line":141,"column":4},"end":{"line":141,"column":28}},"31":{"start":{"line":143,"column":4},"end":{"line":143,"column":5023}},"32":{"start":{"line":144,"column":6},"end":{"line":144,"column":22}},"33":{"start":{"line":147,"column":4},"end":{"line":147,"column":5121}},"34":{"start":{"line":158,"column":4},"end":{"line":158,"column":36}},"35":{"start":{"line":159,"column":4},"end":{"line":159,"column":23}},"36":{"start":{"line":161,"column":9},"end":{"line":161,"column":45}},"37":{"start":{"line":162,"column":4},"end":{"line":162,"column":28}},"38":{"start":{"line":167,"column":4},"end":{"line":167,"column":42}},"39":{"start":{"line":168,"column":4},"end":{"line":168,"column":23}},"40":{"start":{"line":169,"column":4},"end":{"line":169,"column":35}},"41":{"start":{"line":170,"column":9},"end":{"line":170,"column":35}},"42":{"start":{"line":171,"column":4},"end":{"line":171,"column":70}},"43":{"start":{"line":172,"column":4},"end":{"line":172,"column":29}}},"branchMap":{"1":{"line":115,"type":"if","locations":[{"start":{"line":115,"column":4},"end":{"line":115,"column":4}},{"start":{"line":115,"column":4},"end":{"line":115,"column":4}}]},"2":{"line":116,"type":"if","locations":[{"start":{"line":116,"column":4},"end":{"line":116,"column":4}},{"start":{"line":116,"column":4},"end":{"line":116,"column":4}}]},"3":{"line":127,"type":"if","locations":[{"start":{"line":127,"column":4},"end":{"line":127,"column":4}},{"start":{"line":127,"column":4},"end":{"line":127,"column":4}}]},"4":{"line":128,"type":"if","locations":[{"start":{"line":128,"column":4},"end":{"line":128,"column":4}},{"start":{"line":128,"column":4},"end":{"line":128,"column":4}}]},"5":{"line":129,"type":"if","locations":[{"start":{"line":129,"column":4},"end":{"line":129,"column":4}},{"start":{"line":129,"column":4},"end":{"line":129,"column":4}}]},"6":{"line":131,"type":"if","locations":[{"start":{"line":131,"column":4},"end":{"line":131,"column":4}},{"start":{"line":131,"column":4},"end":{"line":131,"column":4}}]},"7":{"line":132,"type":"if","locations":[{"start":{"line":132,"column":6},"end":{"line":132,"column":6}},{"start":{"line":132,"column":6},"end":{"line":132,"column":6}}]},"8":{"line":134,"type":"if","locations":[{"start":{"line":134,"column":4},"end":{"line":134,"column":4}},{"start":{"line":134,"column":4},"end":{"line":134,"column":4}}]},"9":{"line":143,"type":"if","locations":[{"start":{"line":143,"column":4},"end":{"line":143,"column":4}},{"start":{"line":143,"column":4},"end":{"line":143,"column":4}}]},"10":{"line":158,"type":"if","locations":[{"start":{"line":158,"column":4},"end":{"line":158,"column":4}},{"start":{"line":158,"column":4},"end":{"line":158,"column":4}}]},"11":{"line":159,"type":"if","locations":[{"start":{"line":159,"column":4},"end":{"line":159,"column":4}},{"start":{"line":159,"column":4},"end":{"line":159,"column":4}}]},"12":{"line":168,"type":"if","locations":[{"start":{"line":168,"column":4},"end":{"line":168,"column":4}},{"start":{"line":168,"column":4},"end":{"line":168,"column":4}}]},"13":{"line":169,"type":"if","locations":[{"start":{"line":169,"column":4},"end":{"line":169,"column":4}},{"start":{"line":169,"column":4},"end":{"line":169,"column":4}}]},"14":{"line":171,"type":"if","locations":[{"start":{"line":171,"column":4},"end":{"line":171,"column":4}},{"start":{"line":171,"column":4},"end":{"line":171,"column":4}}]}}},"contracts/SafeMath.sol":{"l":{"17":0,"18":0,"21":0,"22":0,"24":0,"34":0,"35":0,"38":0,"40":0,"41":0,"43":0,"51":0,"52":0,"55":0,"62":0,"63":0,"65":0,"67":0,"74":10,"75":10,"77":10,"84":0,"85":0,"87":0,"94":18,"95":18,"97":17,"104":0,"105":0,"107":0,"115":0,"116":0},"path":"/home/abhi_21094/Projects/GuildCryptAudit/crypt/contracts/SafeMath.sol","s":{"1":0,"2":0,"3":0,"4":0,"5":0,"6":0,"7":0,"8":0,"9":0,"10":0,"11":0,"12":0,"13":0,"14":0,"15":0,"16":0,"17":0,"18":0,"19":10,"20":10,"21":10,"22":0,"23":0,"24":0,"25":18,"26":18,"27":17,"28":0,"29":0,"30":0,"31":0,"32":0},"b":{"1":[0,0],"2":[0,0],"3":[0,0],"4":[0,0],"5":[0,0],"6":[0,0],"7":[0,0],"8":[0,0],"9":[10,0],"10":[0,0],"11":[17,1],"12":[0,0],"13":[0,0]},"f":{"1":0,"2":0,"3":0,"4":0,"5":10,"6":0,"7":18,"8":0,"9":0},"fnMap":{"1":{"name":"mul","line":13,"loc":{"start":{"line":13,"column":4},"end":{"line":13,"column":68}}},"2":{"name":"mul","line":30,"loc":{"start":{"line":30,"column":4},"end":{"line":30,"column":65}}},"3":{"name":"div","line":49,"loc":{"start":{"line":49,"column":4},"end":{"line":49,"column":68}}},"4":{"name":"div","line":61,"loc":{"start":{"line":61,"column":4},"end":{"line":61,"column":65}}},"5":{"name":"sub","line":73,"loc":{"start":{"line":73,"column":4},"end":{"line":73,"column":68}}},"6":{"name":"sub","line":83,"loc":{"start":{"line":83,"column":4},"end":{"line":83,"column":65}}},"7":{"name":"add","line":93,"loc":{"start":{"line":93,"column":4},"end":{"line":93,"column":68}}},"8":{"name":"add","line":103,"loc":{"start":{"line":103,"column":4},"end":{"line":103,"column":65}}},"9":{"name":"mod","line":114,"loc":{"start":{"line":114,"column":4},"end":{"line":114,"column":68}}}},"statementMap":{"1":{"start":{"line":17,"column":8},"end":{"line":17,"column":575}},"2":{"start":{"line":18,"column":12},"end":{"line":18,"column":20}},"3":{"start":{"line":21,"column":8},"end":{"line":21,"column":24}},"4":{"start":{"line":22,"column":8},"end":{"line":22,"column":26}},"5":{"start":{"line":24,"column":8},"end":{"line":24,"column":16}},"6":{"start":{"line":34,"column":8},"end":{"line":34,"column":1078}},"7":{"start":{"line":35,"column":12},"end":{"line":35,"column":20}},"8":{"start":{"line":38,"column":8},"end":{"line":38,"column":45}},"9":{"start":{"line":40,"column":8},"end":{"line":40,"column":23}},"10":{"start":{"line":41,"column":8},"end":{"line":41,"column":26}},"11":{"start":{"line":43,"column":8},"end":{"line":43,"column":16}},"12":{"start":{"line":51,"column":8},"end":{"line":51,"column":21}},"13":{"start":{"line":52,"column":8},"end":{"line":52,"column":24}},"14":{"start":{"line":55,"column":8},"end":{"line":55,"column":16}},"15":{"start":{"line":62,"column":8},"end":{"line":62,"column":22}},"16":{"start":{"line":63,"column":8},"end":{"line":63,"column":45}},"17":{"start":{"line":65,"column":8},"end":{"line":65,"column":23}},"18":{"start":{"line":67,"column":8},"end":{"line":67,"column":16}},"19":{"start":{"line":74,"column":8},"end":{"line":74,"column":22}},"20":{"start":{"line":75,"column":8},"end":{"line":75,"column":24}},"21":{"start":{"line":77,"column":8},"end":{"line":77,"column":16}},"22":{"start":{"line":84,"column":8},"end":{"line":84,"column":23}},"23":{"start":{"line":85,"column":8},"end":{"line":85,"column":54}},"24":{"start":{"line":87,"column":8},"end":{"line":87,"column":16}},"25":{"start":{"line":94,"column":8},"end":{"line":94,"column":24}},"26":{"start":{"line":95,"column":8},"end":{"line":95,"column":22}},"27":{"start":{"line":97,"column":8},"end":{"line":97,"column":16}},"28":{"start":{"line":104,"column":8},"end":{"line":104,"column":23}},"29":{"start":{"line":105,"column":8},"end":{"line":105,"column":54}},"30":{"start":{"line":107,"column":8},"end":{"line":107,"column":16}},"31":{"start":{"line":115,"column":8},"end":{"line":115,"column":22}},"32":{"start":{"line":116,"column":8},"end":{"line":116,"column":20}}},"branchMap":{"1":{"line":17,"type":"if","locations":[{"start":{"line":17,"column":8},"end":{"line":17,"column":8}},{"start":{"line":17,"column":8},"end":{"line":17,"column":8}}]},"2":{"line":22,"type":"if","locations":[{"start":{"line":22,"column":8},"end":{"line":22,"column":8}},{"start":{"line":22,"column":8},"end":{"line":22,"column":8}}]},"3":{"line":34,"type":"if","locations":[{"start":{"line":34,"column":8},"end":{"line":34,"column":8}},{"start":{"line":34,"column":8},"end":{"line":34,"column":8}}]},"4":{"line":38,"type":"if","locations":[{"start":{"line":38,"column":8},"end":{"line":38,"column":8}},{"start":{"line":38,"column":8},"end":{"line":38,"column":8}}]},"5":{"line":41,"type":"if","locations":[{"start":{"line":41,"column":8},"end":{"line":41,"column":8}},{"start":{"line":41,"column":8},"end":{"line":41,"column":8}}]},"6":{"line":51,"type":"if","locations":[{"start":{"line":51,"column":8},"end":{"line":51,"column":8}},{"start":{"line":51,"column":8},"end":{"line":51,"column":8}}]},"7":{"line":62,"type":"if","locations":[{"start":{"line":62,"column":8},"end":{"line":62,"column":8}},{"start":{"line":62,"column":8},"end":{"line":62,"column":8}}]},"8":{"line":63,"type":"if","locations":[{"start":{"line":63,"column":8},"end":{"line":63,"column":8}},{"start":{"line":63,"column":8},"end":{"line":63,"column":8}}]},"9":{"line":74,"type":"if","locations":[{"start":{"line":74,"column":8},"end":{"line":74,"column":8}},{"start":{"line":74,"column":8},"end":{"line":74,"column":8}}]},"10":{"line":85,"type":"if","locations":[{"start":{"line":85,"column":8},"end":{"line":85,"column":8}},{"start":{"line":85,"column":8},"end":{"line":85,"column":8}}]},"11":{"line":95,"type":"if","locations":[{"start":{"line":95,"column":8},"end":{"line":95,"column":8}},{"start":{"line":95,"column":8},"end":{"line":95,"column":8}}]},"12":{"line":105,"type":"if","locations":[{"start":{"line":105,"column":8},"end":{"line":105,"column":8}},{"start":{"line":105,"column":8},"end":{"line":105,"column":8}}]},"13":{"line":115,"type":"if","locations":[{"start":{"line":115,"column":8},"end":{"line":115,"column":8}},{"start":{"line":115,"column":8},"end":{"line":115,"column":8}}]}}}}