TN:
SF:/home/abhi_21094/Projects/GuildCryptAudit/crypt/contracts/Address.sol
FN:14,isContract
FNF:1
FNH:0
FNDA:0,isContract
DA:15,0
DA:23,0
DA:24,0
LF:3
LH:0
BRF:0
BRH:0
end_of_record
TN:
SF:/home/abhi_21094/Projects/GuildCryptAudit/crypt/contracts/DAITOKEN.sol
FN:11,mul
FN:23,div
FN:33,sub
FN:41,add
FN:85,totalSupply
FN:94,transfer
FN:110,balanceOf
FN:134,transferFrom
FN:156,approve
FN:170,allowance
FN:184,increaseApproval
FN:200,decreaseApproval
FN:229,Ownable
FN:236,onlyOwner
FN:245,transferOwnership
FN:260,transfer
FN:264,transferFrom
FN:268,approve
FN:272,increaseApproval
FN:276,decreaseApproval
FN:282,releaseTokens
FN:299,DAITOKEN
FNF:22
FNH:14
FNDA:1,mul
FNDA:0,div
FNDA:7,sub
FNDA:13,add
FNDA:0,totalSupply
FNDA:3,transfer
FNDA:17,balanceOf
FNDA:2,transferFrom
FNDA:2,approve
FNDA:0,allowance
FNDA:0,increaseApproval
FNDA:0,decreaseApproval
FNDA:1,Ownable
FNDA:4,onlyOwner
FNDA:0,transferOwnership
FNDA:3,transfer
FNDA:2,transferFrom
FNDA:2,approve
FNDA:0,increaseApproval
FNDA:0,decreaseApproval
FNDA:4,releaseTokens
FNDA:1,DAITOKEN
DA:12,1
DA:13,0
DA:15,1
DA:16,1
DA:17,1
DA:25,0
DA:27,0
DA:34,7
DA:35,7
DA:42,13
DA:43,13
DA:44,13
DA:86,0
DA:95,3
DA:96,3
DA:99,3
DA:100,3
DA:102,3
DA:111,17
DA:135,2
DA:136,2
DA:137,2
DA:139,2
DA:140,2
DA:141,2
DA:143,2
DA:158,2
DA:159,2
DA:161,2
DA:171,0
DA:185,0
DA:187,0
DA:201,0
DA:202,0
DA:203,0
DA:205,0
DA:208,0
DA:230,1
DA:237,4
DA:238,4
DA:246,0
DA:248,0
DA:261,3
DA:265,2
DA:269,2
DA:273,0
DA:277,0
DA:284,4
DA:285,4
DA:286,4
DA:287,4
DA:289,4
DA:301,1
DA:302,1
LF:54
LH:38
BRDA:12,1,0,0
BRDA:12,1,1,1
BRDA:16,2,0,1
BRDA:16,2,1,0
BRDA:34,3,0,7
BRDA:34,3,1,0
BRDA:43,4,0,13
BRDA:43,4,1,0
BRDA:95,5,0,3
BRDA:95,5,1,0
BRDA:96,6,0,3
BRDA:96,6,1,0
BRDA:135,7,0,2
BRDA:135,7,1,0
BRDA:136,8,0,2
BRDA:136,8,1,0
BRDA:137,9,0,2
BRDA:137,9,1,0
BRDA:158,10,0,2
BRDA:158,10,1,0
BRDA:202,11,0,0
BRDA:202,11,1,0
BRDA:237,12,0,4
BRDA:237,12,1,0
BRDA:246,13,0,0
BRDA:246,13,1,0
BRDA:287,14,0,4
BRDA:287,14,1,0
BRDA:301,15,0,1
BRDA:301,15,1,0
BRF:30
BRH:13
end_of_record
TN:
SF:/home/abhi_21094/Projects/GuildCryptAudit/crypt/contracts/ERC165.sol
FN:26,ERC165
FN:33,supportsInterface
FN:40,_registerInterface
FNF:3
FNH:2
FNDA:1,ERC165
FNDA:0,supportsInterface
FNDA:3,_registerInterface
DA:27,1
DA:34,0
DA:41,3
DA:42,3
LF:4
LH:3
BRDA:41,1,0,3
BRDA:41,1,1,0
BRF:2
BRH:1
end_of_record
TN:
SF:/home/abhi_21094/Projects/GuildCryptAudit/crypt/contracts/ERC20.sol
FN:29,totalSupply
FN:38,balanceOf
FN:48,allowance
FN:57,transfer
FN:71,approve
FN:87,transferFrom
FN:104,increaseAllowance
FN:122,decreaseAllowance
FN:136,_transfer
FN:151,_mint
FN:165,_burn
FN:181,_burnFrom
FNF:12
FNH:10
FNDA:3,totalSupply
FNDA:4,balanceOf
FNDA:5,allowance
FNDA:1,transfer
FNDA:1,approve
FNDA:0,transferFrom
FNDA:2,increaseAllowance
FNDA:1,decreaseAllowance
FNDA:1,_transfer
FNDA:2,_mint
FNDA:2,_burn
FNDA:0,_burnFrom
DA:30,3
DA:39,4
DA:49,5
DA:58,1
DA:59,1
DA:72,1
DA:74,1
DA:76,1
DA:88,0
DA:89,0
DA:91,0
DA:105,2
DA:107,2
DA:109,1
DA:123,1
DA:125,1
DA:127,1
DA:137,1
DA:139,1
DA:140,1
DA:152,2
DA:154,2
DA:155,2
DA:166,2
DA:168,2
DA:169,2
DA:182,0
DA:183,0
LF:28
LH:23
BRDA:72,1,0,1
BRDA:72,1,1,0
BRDA:105,2,0,2
BRDA:105,2,1,0
BRDA:123,3,0,1
BRDA:123,3,1,0
BRDA:137,4,0,1
BRDA:137,4,1,0
BRDA:152,5,0,2
BRDA:152,5,1,0
BRDA:166,6,0,2
BRDA:166,6,1,0
BRF:12
BRH:6
end_of_record
TN:
SF:/home/abhi_21094/Projects/GuildCryptAudit/crypt/contracts/ERC721.sol
FN:47,ERC721
FN:57,balanceOf
FN:67,ownerOf
FN:81,approve
FN:96,getApproved
FN:107,setApprovalForAll
FN:119,isApprovedForAll
FN:131,transferFrom
FN:149,safeTransferFrom
FN:166,safeTransferFrom
FN:177,_exists
FN:189,_isApprovedOrOwner
FN:203,_mint
FN:220,_burn
FN:236,_burn
FN:247,_transferFrom
FN:270,_checkOnERC721Received
FN:283,_clearApproval
FNF:18
FNH:14
FNDA:1,ERC721
FNDA:8,balanceOf
FNDA:11,ownerOf
FNDA:3,approve
FNDA:4,getApproved
FNDA:1,setApprovalForAll
FNDA:2,isApprovedForAll
FNDA:2,transferFrom
FNDA:0,safeTransferFrom
FNDA:0,safeTransferFrom
FNDA:13,_exists
FNDA:2,_isApprovedOrOwner
FNDA:3,_mint
FNDA:2,_burn
FNDA:0,_burn
FNDA:2,_transferFrom
FNDA:0,_checkOnERC721Received
FNDA:3,_clearApproval
DA:49,1
DA:58,8
DA:59,8
DA:68,11
DA:69,11
DA:70,9
DA:82,3
DA:83,2
DA:84,2
DA:86,2
DA:97,4
DA:98,4
DA:108,1
DA:109,1
DA:120,2
DA:132,2
DA:134,2
DA:151,0
DA:167,0
DA:169,0
DA:178,13
DA:179,13
DA:190,2
DA:194,2
DA:204,3
DA:205,3
DA:207,3
DA:208,3
DA:221,2
DA:223,1
DA:225,1
DA:226,1
DA:237,0
DA:248,2
DA:249,2
DA:251,2
DA:253,2
DA:254,2
DA:256,2
DA:271,0
DA:272,0
DA:275,0
DA:276,0
DA:284,3
DA:285,2
LF:45
LH:37
BRDA:58,1,0,8
BRDA:58,1,1,0
BRDA:69,2,0,9
BRDA:69,2,1,2
BRDA:83,3,0,2
BRDA:83,3,1,0
BRDA:84,4,0,2
BRDA:84,4,1,0
BRDA:97,5,0,4
BRDA:97,5,1,0
BRDA:108,6,0,1
BRDA:108,6,1,0
BRDA:132,7,0,2
BRDA:132,7,1,0
BRDA:169,8,0,0
BRDA:169,8,1,0
BRDA:204,9,0,3
BRDA:204,9,1,0
BRDA:205,10,0,3
BRDA:205,10,1,0
BRDA:221,11,0,1
BRDA:221,11,1,1
BRDA:248,12,0,2
BRDA:248,12,1,0
BRDA:249,13,0,2
BRDA:249,13,1,0
BRDA:271,14,0,0
BRDA:271,14,1,0
BRDA:284,15,0,2
BRDA:284,15,1,1
BRF:30
BRH:16
end_of_record
TN:
SF:/home/abhi_21094/Projects/GuildCryptAudit/crypt/contracts/ERC721Metadata.sol
FN:28,ERC721Metadata
FN:40,name
FN:48,symbol
FN:57,tokenURI
FN:68,_setTokenURI
FN:80,_burn
FNF:6
FNH:4
FNDA:1,ERC721Metadata
FNDA:0,name
FNDA:0,symbol
FNDA:2,tokenURI
FNDA:4,_setTokenURI
FNDA:2,_burn
DA:29,1
DA:30,1
DA:33,1
DA:41,0
DA:49,0
DA:58,2
DA:59,2
DA:69,4
DA:70,4
DA:81,2
DA:84,1
DA:85,1
LF:12
LH:10
BRDA:58,1,0,2
BRDA:58,1,1,0
BRDA:69,2,0,4
BRDA:69,2,1,0
BRDA:84,3,0,1
BRDA:84,3,1,0
BRF:6
BRH:3
end_of_record
TN:
SF:/home/abhi_21094/Projects/GuildCryptAudit/crypt/contracts/IERC165.sol
FNF:0
FNH:0
LF:0
LH:0
BRF:0
BRH:0
end_of_record
TN:
SF:/home/abhi_21094/Projects/GuildCryptAudit/crypt/contracts/IERC20.sol
FNF:0
FNH:0
LF:0
LH:0
BRF:0
BRH:0
end_of_record
TN:
SF:/home/abhi_21094/Projects/GuildCryptAudit/crypt/contracts/IERC721.sol
FNF:0
FNH:0
LF:0
LH:0
BRF:0
BRH:0
end_of_record
TN:
SF:/home/abhi_21094/Projects/GuildCryptAudit/crypt/contracts/IERC721Metadata.sol
FNF:0
FNH:0
LF:0
LH:0
BRF:0
BRH:0
end_of_record
TN:
SF:/home/abhi_21094/Projects/GuildCryptAudit/crypt/contracts/IERC721Receiver.sol
FNF:0
FNH:0
LF:0
LH:0
BRF:0
BRH:0
end_of_record
TN:
SF:/home/abhi_21094/Projects/GuildCryptAudit/crypt/contracts/OathForge.sol
FN:23,OathForge
FN:35,totalSupply
FN:40,nextTokenId
FN:46,sunsetInitiatedAt
FN:52,sunsetLength
FN:58,redemptionCodeHash
FN:64,redemptionCodeHashSubmittedAt
FN:73,mint
FN:83,initiateSunset
FN:92,submitRedemptionCodeHash
FN:104,transferFrom
FN:114,setTokenURI
FNF:12
FNH:12
FNDA:1,OathForge
FNDA:5,totalSupply
FNDA:1,nextTokenId
FNDA:3,sunsetInitiatedAt
FNDA:5,sunsetLength
FNDA:1,redemptionCodeHash
FNDA:1,redemptionCodeHashSubmittedAt
FNDA:3,mint
FNDA:2,initiateSunset
FNDA:2,submitRedemptionCodeHash
FNDA:2,transferFrom
FNDA:1,setTokenURI
DA:36,5
DA:41,1
DA:47,3
DA:53,5
DA:59,1
DA:65,1
DA:74,3
DA:75,3
DA:76,3
DA:77,3
DA:78,3
DA:84,2
DA:85,2
DA:93,2
DA:94,1
DA:95,1
DA:96,1
DA:105,2
DA:106,0
DA:108,2
DA:115,1
LF:21
LH:20
BRDA:84,1,0,2
BRDA:84,1,1,0
BRDA:105,2,0,0
BRDA:105,2,1,2
BRDA:106,3,0,0
BRDA:106,3,1,0
BRF:6
BRH:2
end_of_record
TN:
SF:/home/abhi_21094/Projects/GuildCryptAudit/crypt/contracts/Ownable.sol
FN:17,Ownable
FN:25,owner
FN:32,onlyOwner
FN:40,isOwner
FN:50,renounceOwnership
FN:59,transferOwnership
FN:67,_transferOwnership
FNF:7
FNH:7
FNDA:1,Ownable
FNDA:3,owner
FNDA:12,onlyOwner
FNDA:12,isOwner
FNDA:1,renounceOwnership
FNDA:1,transferOwnership
FNDA:1,_transferOwnership
DA:18,1
DA:26,3
DA:33,12
DA:34,8
DA:41,12
DA:52,1
DA:60,1
DA:68,1
DA:70,1
LF:9
LH:9
BRDA:33,1,0,8
BRDA:33,1,1,4
BRDA:68,2,0,1
BRDA:68,2,1,0
BRF:4
BRH:3
end_of_record
TN:
SF:/home/abhi_21094/Projects/GuildCryptAudit/crypt/contracts/RiftPact.sol
FN:35,RiftPact
FN:69,daiAddress
FN:74,oathForgeAddress
FN:79,oathForgeTokenId
FN:84,auctionAllowedAt
FN:89,minBid
FN:94,auctionStartedAt
FN:99,auctionCompletedAt
FN:104,topBid
FN:109,topBidder
FN:114,startAuction
FN:126,submitBid
FN:157,completeAuction
FN:166,payout
FNF:14
FNH:14
FNDA:2,RiftPact
FNDA:1,daiAddress
FNDA:1,oathForgeAddress
FNDA:1,oathForgeTokenId
FNDA:1,auctionAllowedAt
FNDA:1,minBid
FNDA:1,auctionStartedAt
FNDA:5,auctionCompletedAt
FNDA:2,topBid
FNDA:1,topBidder
FNDA:1,startAuction
FNDA:3,submitBid
FNDA:2,completeAuction
FNDA:2,payout
DA:41,2
DA:42,2
DA:44,2
DA:45,2
DA:47,2
DA:70,1
DA:75,1
DA:80,1
DA:85,1
DA:90,1
DA:95,1
DA:100,5
DA:105,2
DA:110,1
DA:115,1
DA:116,1
DA:121,1
DA:127,3
DA:128,3
DA:129,3
DA:131,2
DA:132,1
DA:134,2
DA:136,2
DA:137,2
DA:138,2
DA:140,2
DA:141,2
DA:143,2
DA:144,0
DA:147,2
DA:158,2
DA:159,1
DA:162,1
DA:167,2
DA:168,2
DA:169,2
DA:171,2
DA:172,2
LF:39
LH:38
BRDA:115,1,0,1
BRDA:115,1,1,0
BRDA:116,2,0,1
BRDA:116,2,1,0
BRDA:127,3,0,3
BRDA:127,3,1,0
BRDA:128,4,0,3
BRDA:128,4,1,0
BRDA:129,5,0,2
BRDA:129,5,1,1
BRDA:131,6,0,1
BRDA:131,6,1,1
BRDA:132,7,0,1
BRDA:132,7,1,0
BRDA:134,8,0,2
BRDA:134,8,1,0
BRDA:143,9,0,0
BRDA:143,9,1,2
BRDA:158,10,0,1
BRDA:158,10,1,1
BRDA:159,11,0,1
BRDA:159,11,1,0
BRDA:168,12,0,2
BRDA:168,12,1,0
BRDA:169,13,0,2
BRDA:169,13,1,0
BRDA:171,14,0,2
BRDA:171,14,1,0
BRF:28
BRH:17
end_of_record
TN:
SF:/home/abhi_21094/Projects/GuildCryptAudit/crypt/contracts/SafeMath.sol
FN:13,mul
FN:30,mul
FN:49,div
FN:61,div
FN:73,sub
FN:83,sub
FN:93,add
FN:103,add
FN:114,mod
FNF:9
FNH:2
FNDA:0,mul
FNDA:0,mul
FNDA:0,div
FNDA:0,div
FNDA:10,sub
FNDA:0,sub
FNDA:18,add
FNDA:0,add
FNDA:0,mod
DA:17,0
DA:18,0
DA:21,0
DA:22,0
DA:24,0
DA:34,0
DA:35,0
DA:38,0
DA:40,0
DA:41,0
DA:43,0
DA:51,0
DA:52,0
DA:55,0
DA:62,0
DA:63,0
DA:65,0
DA:67,0
DA:74,10
DA:75,10
DA:77,10
DA:84,0
DA:85,0
DA:87,0
DA:94,18
DA:95,18
DA:97,17
DA:104,0
DA:105,0
DA:107,0
DA:115,0
DA:116,0
LF:32
LH:6
BRDA:17,1,0,0
BRDA:17,1,1,0
BRDA:22,2,0,0
BRDA:22,2,1,0
BRDA:34,3,0,0
BRDA:34,3,1,0
BRDA:38,4,0,0
BRDA:38,4,1,0
BRDA:41,5,0,0
BRDA:41,5,1,0
BRDA:51,6,0,0
BRDA:51,6,1,0
BRDA:62,7,0,0
BRDA:62,7,1,0
BRDA:63,8,0,0
BRDA:63,8,1,0
BRDA:74,9,0,10
BRDA:74,9,1,0
BRDA:85,10,0,0
BRDA:85,10,1,0
BRDA:95,11,0,17
BRDA:95,11,1,1
BRDA:105,12,0,0
BRDA:105,12,1,0
BRDA:115,13,0,0
BRDA:115,13,1,0
BRF:26
BRH:3
end_of_record
